Operating system: Microsoft Windows NT 6.2.9200.0
Opening INI file "C:\Sonic Hacking\VTuber in Sonic 1\Sonic 1 2005 INIs\SonLVL.ini"...
Game type is S1.
Opening INI file "C:\Sonic Hacking\VTuber in Sonic 1\Sonic 1 2005 INIs\SonLVL.ini"...
Game type is S1.
Loading Labyrinth Zone Act 1...
Loading 16x16 blocks from file "../map16/lz.bin", using compression Enigma...
Loading 8x8 tiles from file "../artnem/8x8lz.bin", using compression Nemesis...
Loading 256x256 chunks from file "../map256/lz.bin", using compression Kosinski...
Loading FG layout from file "../levels/lz1.bin", using compression Uncompressed...
Loading BG layout from file "../levels/lzbg.bin", using compression Uncompressed...
Loading FG layout from file "../levels/lz2.bin", using compression Uncompressed...
Loading FG layout from file "../levels/lz3.bin", using compression Uncompressed...
Loading FG layout from file "../levels/sbz3.bin", using compression Uncompressed...
Loading palette file "../pallet/sonic.bin"...
Source: 0 Destination: 0 Length: 16
Loading palette file "../pallet/lz.bin"...
Source: 0 Destination: 16 Length: 48
Loading palette file "../pallet/lz_uw.bin"...
Source: 0 Destination: 0 Length: 64
Loading object definition file "obj.ini".
Loading object definition file "objLZ.ini".
Loading ObjectDefinition type S1ObjectDefinitions.Common.Ring from "Common\Ring.cs"...
Compiling code file...
Loading ObjectDefinition type S1ObjectDefinitions.Common.InvisibleBlock from "Common\InvisibleBlock.cs"...
Compiling code file...
Loading ObjectDefinition type S1ObjectDefinitions.LZ.Spikeball from "LZ\Spikeball.cs"...
Compiling code file...
Building code file...
Compiling code file...
Compile succeeded.
Compile succeeded.
Compile succeeded.
Compile succeeded.
Loading objects from file "../objpos/lz1.bin", using compression Uncompressed...
Loading start position "Level Start" from file "../misc/sloc_lev.bin"...
Drawing block bitmaps...
Drawing chunk bitmaps...
Level loaded in 0.8789266 second(s).
Load completed.
Saving Labyrinth Zone Act 1...
Saving Labyrinth Zone Act 1...
Saving Labyrinth Zone Act 1...
System.ComponentModel.Win32Exception (0x80004005): The system cannot find the file specified
   at System.Diagnostics.Process.StartWithShellExecuteEx(ProcessStartInfo startInfo)
   at System.Diagnostics.Process.Start()
   at System.Diagnostics.Process.Start(ProcessStartInfo startInfo)
   at SonicRetro.SonLVL.GUI.MainForm.buildAndRunToolStripMenuItem_Click(Object sender, EventArgs e) in D:\Programs\SonLVL\SonLVL\MainForm.cs:line 949
   at System.Windows.Forms.ToolStripItem.RaiseEvent(Object key, EventArgs e)
   at System.Windows.Forms.ToolStripMenuItem.OnClick(EventArgs e)
   at System.Windows.Forms.ToolStripItem.HandleClick(EventArgs e)
   at System.Windows.Forms.ToolStripItem.HandleMouseUp(MouseEventArgs e)
   at System.Windows.Forms.ToolStripItem.FireEventInteractive(EventArgs e, ToolStripItemEventType met)
   at System.Windows.Forms.ToolStripItem.FireEvent(EventArgs e, ToolStripItemEventType met)
   at System.Windows.Forms.ToolStrip.OnMouseUp(MouseEventArgs mea)
   at System.Windows.Forms.ToolStripDropDown.OnMouseUp(MouseEventArgs mea)
   at System.Windows.Forms.Control.WmMouseUp(Message& m, MouseButtons button, Int32 clicks)
   at System.Windows.Forms.Control.WndProc(Message& m)
   at System.Windows.Forms.ScrollableControl.WndProc(Message& m)
   at System.Windows.Forms.ToolStrip.WndProc(Message& m)
   at System.Windows.Forms.ToolStripDropDown.WndProc(Message& m)
   at System.Windows.Forms.Control.ControlNativeWindow.OnMessage(Message& m)
   at System.Windows.Forms.Control.ControlNativeWindow.WndProc(Message& m)
   at System.Windows.Forms.NativeWindow.Callback(IntPtr hWnd, Int32 msg, IntPtr wparam, IntPtr lparam)
Saving Labyrinth Zone Act 1...
Saving Labyrinth Zone Act 1...
System.ComponentModel.Win32Exception (0x80004005): The system cannot find the file specified
   at System.Diagnostics.Process.StartWithShellExecuteEx(ProcessStartInfo startInfo)
   at System.Diagnostics.Process.Start()
   at System.Diagnostics.Process.Start(ProcessStartInfo startInfo)
   at SonicRetro.SonLVL.GUI.MainForm.buildAndRunToolStripMenuItem_Click(Object sender, EventArgs e) in D:\Programs\SonLVL\SonLVL\MainForm.cs:line 949
   at System.Windows.Forms.ToolStripItem.RaiseEvent(Object key, EventArgs e)
   at System.Windows.Forms.ToolStripMenuItem.OnClick(EventArgs e)
   at System.Windows.Forms.ToolStripItem.HandleClick(EventArgs e)
   at System.Windows.Forms.ToolStripItem.HandleMouseUp(MouseEventArgs e)
   at System.Windows.Forms.ToolStripItem.FireEventInteractive(EventArgs e, ToolStripItemEventType met)
   at System.Windows.Forms.ToolStripItem.FireEvent(EventArgs e, ToolStripItemEventType met)
   at System.Windows.Forms.ToolStrip.OnMouseUp(MouseEventArgs mea)
   at System.Windows.Forms.ToolStripDropDown.OnMouseUp(MouseEventArgs mea)
   at System.Windows.Forms.Control.WmMouseUp(Message& m, MouseButtons button, Int32 clicks)
   at System.Windows.Forms.Control.WndProc(Message& m)
   at System.Windows.Forms.ScrollableControl.WndProc(Message& m)
   at System.Windows.Forms.ToolStrip.WndProc(Message& m)
   at System.Windows.Forms.ToolStripDropDown.WndProc(Message& m)
   at System.Windows.Forms.Control.ControlNativeWindow.OnMessage(Message& m)
   at System.Windows.Forms.Control.ControlNativeWindow.WndProc(Message& m)
   at System.Windows.Forms.NativeWindow.Callback(IntPtr hWnd, Int32 msg, IntPtr wparam, IntPtr lparam)
